<?xml version="1.0" encoding="UTF-8"?>
<!-- Generated by org.testng.reporters.JUnitXMLReporter -->
<testsuite hostname="INHYNMPULIRAJA1" ignored="0" name="Surefire test" tests="4" failures="0" timestamp="21 Feb 2019 03:30:57 GMT" time="0.048" errors="0">
  <testcase name="Google" time="0.008" classname="Maven_Group1.Interviews_Test"/>
  <testcase name="Yahoo" time="0.0" classname="Maven_Group1.Interviews_Test"/>
  <testcase name="Day1" time="0.0" classname="Maven_Group1.Introduction_Of_Maven_Test"/>
  <testcase name="Day2" time="0.0" classname="Maven_Group1.Introduction_Of_Maven_Test"/>
</testsuite> <!-- Surefire test -->
