<?xml version="1.0" encoding="UTF-8"?>
<!-- Generated by org.testng.reporters.JUnitXMLReporter -->
<testsuite hostname="INHYNMPULIRAJA1" ignored="0" name="Command line test" tests="4" failures="0" timestamp="23 Feb 2019 12:06:00 GMT" time="0.046" errors="0">
  <testcase name="Google" time="0.005" classname="Maven_Group1.Interviews_Test"/>
  <testcase name="Yahoo" time="0.0" classname="Maven_Group1.Interviews_Test"/>
  <testcase name="Day1" time="0.0" classname="Maven_Group1.Introduction_Of_Maven_Test"/>
  <testcase name="Day2" time="0.0" classname="Maven_Group1.Introduction_Of_Maven_Test"/>
</testsuite> <!-- Command line test -->
