<?xml version="1.0" encoding="UTF-8"?>
<testng-results skipped="0" failed="0" ignored="0" total="2" passed="2">
  <reporter-output>
  </reporter-output>
  <suite name="Maven_Group1.Interviews_Test" duration-ms="45" started-at="2019-02-23T12:07:35Z" finished-at="2019-02-23T12:07:35Z">
    <groups>
    </groups>
    <test name="Command line test" duration-ms="45" started-at="2019-02-23T12:07:35Z" finished-at="2019-02-23T12:07:35Z">
      <class name="Maven_Group1.Interviews_Test">
        <test-method status="PASS" signature="Google()[pri:0, instance:Maven_Group1.Interviews_Test@880ec60]" name="Google" duration-ms="15" started-at="2019-02-23T12:07:35Z" finished-at="2019-02-23T12:07:35Z">
          <reporter-output>
          </reporter-output>
        </test-method> <!-- Google -->
        <test-method status="PASS" signature="Yahoo()[pri:0, instance:Maven_Group1.Interviews_Test@880ec60]" name="Yahoo" duration-ms="0" started-at="2019-02-23T12:07:35Z" finished-at="2019-02-23T12:07:35Z">
          <reporter-output>
          </reporter-output>
        </test-method> <!-- Yahoo -->
      </class> <!-- Maven_Group1.Interviews_Test -->
    </test> <!-- Command line test -->
  </suite> <!-- Maven_Group1.Interviews_Test -->
</testng-results>
